\BOOKMARK [1][-]{section.1}{\376\377\000C\000a\000r\000e\000e\000r\000\040\000O\000b\000j\000e\000c\000t\000i\000v\000e}{}% 1
\BOOKMARK [1][-]{section.2}{\376\377\000E\000d\000u\000c\000a\000t\000i\000o\000n}{}% 2
\BOOKMARK [2][-]{subsection.2.1}{\376\377\000A\000t\000e\000n\000e\000o\000\040\000d\000e\000\040\000M\000a\000n\000i\000l\000a\000\040\000U\000n\000i\000v\000e\000r\000s\000i\000t\000y}{section.2}% 3
\BOOKMARK [2][-]{subsection.2.2}{\376\377\000P\000A\000R\000E\000F\000\040\000S\000o\000u\000t\000h\000r\000i\000d\000g\000e}{section.2}% 4
\BOOKMARK [1][-]{section.3}{\376\377\000E\000x\000t\000r\000a\000-\000c\000u\000r\000r\000i\000c\000u\000l\000a\000r\000\040\000W\000o\000r\000k}{}% 5
\BOOKMARK [2][-]{subsection.3.1}{\376\377\000A\000t\000e\000n\000e\000o\000\040\000M\000a\000t\000h\000e\000m\000a\000t\000i\000c\000s\000\040\000S\000o\000c\000i\000e\000t\000y}{section.3}% 6
\BOOKMARK [3][-]{subsubsection.3.1.1}{\376\377\000T\000u\000t\000o\000r\000s\000\040\000P\000o\000o\000l\000\040\000H\000e\000a\000d}{subsection.3.1}% 7
\BOOKMARK [3][-]{subsubsection.3.1.2}{\376\377\000M\000e\000m\000b\000e\000r}{subsection.3.1}% 8
\BOOKMARK [2][-]{subsection.3.2}{\376\377\000A\000t\000e\000n\000e\000o\000\040\000G\000a\000b\000a\000y}{section.3}% 9
\BOOKMARK [3][-]{subsubsection.3.2.1}{\376\377\000D\000e\000s\000i\000g\000n\000\040\000T\000e\000a\000m\000,\000\040\000S\000t\000u\000d\000y\000b\000u\000d\000d\000y}{subsection.3.2}% 10
\BOOKMARK [1][-]{section.4}{\376\377\000A\000w\000a\000r\000d\000s}{}% 11
\BOOKMARK [2][-]{subsection.4.1}{\376\377\000C\000o\000u\000n\000t\000r\000y\000\040\000W\000i\000n\000n\000e\000r\000\040\000-\000\040\000P\000H}{section.4}% 12
\BOOKMARK [2][-]{subsection.4.2}{\376\377\000Y\000o\000u\000t\000h\000\040\000E\000x\000c\000e\000l\000l\000e\000n\000c\000e\000\040\000i\000n\000\040\000S\000c\000i\000e\000n\000c\000e\000\040\000A\000w\000a\000r\000d}{section.4}% 13
\BOOKMARK [1][-]{section.5}{\376\377\000S\000e\000m\000i\000n\000a\000r\000s\000\040\000A\000t\000t\000e\000n\000d\000e\000d}{}% 14
\BOOKMARK [2][-]{subsection.5.1}{\376\377\000H\000a\000c\000k\000f\000e\000s\000t\000\040\0002\0000\0002\0002}{section.5}% 15
\BOOKMARK [2][-]{subsection.5.2}{\376\377\000L\000e\000a\000d\000e\000r\000s\000h\000i\000p\000\040\000T\000r\000a\000i\000n\000i\000n\000g\000\040\000S\000e\000m\000i\000n\000a\000r}{section.5}% 16
\BOOKMARK [2][-]{subsection.5.3}{\376\377\000I\000n\000t\000e\000r\000n\000a\000t\000i\000o\000n\000a\000l\000\040\000S\000u\000m\000m\000e\000r\000\040\000P\000r\000o\000g\000r\000a\000m}{section.5}% 17
\BOOKMARK [1][-]{section.6}{\376\377\000S\000k\000i\000l\000l\000s}{}% 18
\BOOKMARK [2][-]{subsection.6.1}{\376\377\000D\000e\000v}{section.6}% 19
\BOOKMARK [2][-]{subsection.6.2}{\376\377\000D\000a\000t\000a}{section.6}% 20
\BOOKMARK [2][-]{subsection.6.3}{\376\377\000M\000u\000l\000t\000i\000m\000e\000d\000i\000a}{section.6}% 21
\BOOKMARK [2][-]{subsection.6.4}{\376\377\000W\000o\000r\000k\000f\000l\000o\000w}{section.6}% 22
\BOOKMARK [2][-]{subsection.6.5}{\376\377\000L\000a\000n\000g\000u\000a\000g\000e\000s}{section.6}% 23
\BOOKMARK [2][-]{subsection.6.6}{\376\377\000S\000o\000f\000t\000\040\000s\000k\000i\000l\000l\000s}{section.6}% 24
